Determining if the pthread_create exist failed with the following output:
Change Dir: /home/ja2/studia/ADV/build_systems/Exercises/task4/build/CMakeFiles/CMakeTmp

Run Build Command:"/usr/bin/make" "cmTC_a803c/fast"
/usr/bin/make -f CMakeFiles/cmTC_a803c.dir/build.make CMakeFiles/cmTC_a803c.dir/build
make[1]: Entering directory '/home/ja2/studia/ADV/build_systems/Exercises/task4/build/CMakeFiles/CMakeTmp'
Building C object CMakeFiles/cmTC_a803c.dir/CheckSymbolExists.c.o
/usr/bin/cc    -o CMakeFiles/cmTC_a803c.dir/CheckSymbolExists.c.o   -c /home/ja2/studia/ADV/build_systems/Exercises/task4/build/CMakeFiles/CMakeTmp/CheckSymbolExists.c
Linking C executable cmTC_a803c
/usr/bin/cmake -E cmake_link_script CMakeFiles/cmTC_a803c.dir/link.txt --verbose=1
/usr/bin/cc      CMakeFiles/cmTC_a803c.dir/CheckSymbolExists.c.o  -o cmTC_a803c 
CMakeFiles/cmTC_a803c.dir/CheckSymbolExists.c.o: In function `main':
CheckSymbolExists.c:(.text+0x1b): undefined reference to `pthread_create'
collect2: error: ld returned 1 exit status
CMakeFiles/cmTC_a803c.dir/build.make:97: recipe for target 'cmTC_a803c' failed
make[1]: *** [cmTC_a803c] Error 1
make[1]: Leaving directory '/home/ja2/studia/ADV/build_systems/Exercises/task4/build/CMakeFiles/CMakeTmp'
Makefile:126: recipe for target 'cmTC_a803c/fast' failed
make: *** [cmTC_a803c/fast] Error 2

File /home/ja2/studia/ADV/build_systems/Exercises/task4/build/CMakeFiles/CMakeTmp/CheckSymbolExists.c:
/* */
#include <pthread.h>

int main(int argc, char** argv)
{
  (void)argv;
#ifndef pthread_create
  return ((int*)(&pthread_create))[argc];
#else
  (void)argc;
  return 0;
#endif
}

Determining if the function pthread_create exists in the pthreads failed with the following output:
Change Dir: /home/ja2/studia/ADV/build_systems/Exercises/task4/build/CMakeFiles/CMakeTmp

Run Build Command:"/usr/bin/make" "cmTC_633c0/fast"
/usr/bin/make -f CMakeFiles/cmTC_633c0.dir/build.make CMakeFiles/cmTC_633c0.dir/build
make[1]: Entering directory '/home/ja2/studia/ADV/build_systems/Exercises/task4/build/CMakeFiles/CMakeTmp'
Building C object CMakeFiles/cmTC_633c0.dir/CheckFunctionExists.c.o
/usr/bin/cc   -DCHECK_FUNCTION_EXISTS=pthread_create   -o CMakeFiles/cmTC_633c0.dir/CheckFunctionExists.c.o   -c /usr/share/cmake-3.9/Modules/CheckFunctionExists.c
Linking C executable cmTC_633c0
/usr/bin/cmake -E cmake_link_script CMakeFiles/cmTC_633c0.dir/link.txt --verbose=1
/usr/bin/cc  -DCHECK_FUNCTION_EXISTS=pthread_create    CMakeFiles/cmTC_633c0.dir/CheckFunctionExists.c.o  -o cmTC_633c0 -lpthreads 
/usr/bin/ld: cannot find -lpthreads
collect2: error: ld returned 1 exit status
CMakeFiles/cmTC_633c0.dir/build.make:97: recipe for target 'cmTC_633c0' failed
make[1]: *** [cmTC_633c0] Error 1
make[1]: Leaving directory '/home/ja2/studia/ADV/build_systems/Exercises/task4/build/CMakeFiles/CMakeTmp'
Makefile:126: recipe for target 'cmTC_633c0/fast' failed
make: *** [cmTC_633c0/fast] Error 2


